# JRE version: OpenJDK Runtime Environment Microsoft-8035246 (17.0.8+7) (build 17.0.8+7-LTS)
# Java VM: OpenJDK 64-Bit Server VM Microsoft-8035246 (17.0.8+7-LTS, mixed mode, sharing, tiered, compressed oops, compressed class ptrs, g1 gc, windows-amd64)
GC Precious Log:
 CPUs: 8 total, 8 available
 Memory: 16239M
 Large Page Support: Disabled
 NUMA Support: Disabled
 Compressed Oops: Enabled (32-bit)
 Heap Region Size: 1M
 Heap Min Capacity: 8M
 Heap Initial Capacity: 254M
 Heap Max Capacity: 2G
 Pre-touch: Disabled
 Parallel Workers: 8
 Concurrent Workers: 2
 Concurrent Refinement Workers: 8
 Periodic GC: Disabled
Heap:
 garbage-first heap   total 237568K, used 201060K [0x0000000080000000, 0x0000000100000000)
  region size 1024K, 37 young (37888K), 5 survivors (5120K)
 Metaspace       used 99302K, committed 100352K, reserved 557056K
  class space    used 13742K, committed 14208K, reserved 425984K
GC Heap History (20 events):
Event: 24.231 GC heap before
{Heap before GC invocations=37 (full 0):
 garbage-first heap   total 237568K, used 83468K [0x0000000080000000, 0x0000000100000000)
  region size 1024K, 11 young (11264K), 10 survivors (10240K)
 Metaspace       used 78948K, committed 79680K, reserved 557056K
  class space    used 11058K, committed 11392K, reserved 425984K
}
Event: 24.240 GC heap after
{Heap after GC invocations=38 (full 0):
 garbage-first heap   total 237568K, used 83383K [0x0000000080000000, 0x0000000100000000)
  region size 1024K, 2 young (2048K), 2 survivors (2048K)
 Metaspace       used 78948K, committed 79680K, reserved 557056K
  class space    used 11058K, committed 11392K, reserved 425984K
}
Event: 26.250 GC heap before
{Heap before GC invocations=38 (full 0):
 garbage-first heap   total 237568K, used 189879K [0x0000000080000000, 0x0000000100000000)
  region size 1024K, 93 young (95232K), 2 survivors (2048K)
 Metaspace       used 82750K, committed 83584K, reserved 557056K
  class space    used 11558K, committed 11968K, reserved 425984K
}
Event: 26.257 GC heap after
{Heap after GC invocations=39 (full 0):
 garbage-first heap   total 237568K, used 113664K [0x0000000080000000, 0x0000000100000000)
  region size 1024K, 12 young (12288K), 12 survivors (12288K)
 Metaspace       used 82750K, committed 83584K, reserved 557056K
  class space    used 11558K, committed 11968K, reserved 425984K
}
Event: 27.297 GC heap before
{Heap before GC invocations=39 (full 0):
 garbage-first heap   total 237568K, used 181248K [0x0000000080000000, 0x0000000100000000)
  region size 1024K, 79 young (80896K), 12 survivors (12288K)
 Metaspace       used 86998K, committed 87872K, reserved 557056K
  class space    used 12146K, committed 12544K, reserved 425984K
}
Event: 27.307 GC heap after
{Heap after GC invocations=40 (full 0):
 garbage-first heap   total 237568K, used 121823K [0x0000000080000000, 0x0000000100000000)
  region size 1024K, 9 young (9216K), 9 survivors (9216K)
 Metaspace       used 86998K, committed 87872K, reserved 557056K
  class space    used 12146K, committed 12544K, reserved 425984K
}
Event: 28.277 GC heap before
{Heap before GC invocations=40 (full 0):
 garbage-first heap   total 237568K, used 185311K [0x0000000080000000, 0x0000000100000000)
  region size 1024K, 71 young (72704K), 9 survivors (9216K)
 Metaspace       used 90829K, committed 91648K, reserved 557056K
  class space    used 12668K, committed 13056K, reserved 425984K
}
Event: 28.286 GC heap after
{Heap after GC invocations=41 (full 0):
 garbage-first heap   total 237568K, used 127367K [0x0000000080000000, 0x0000000100000000)
  region size 1024K, 6 young (6144K), 6 survivors (6144K)
 Metaspace       used 90829K, committed 91648K, reserved 557056K
  class space    used 12668K, committed 13056K, reserved 425984K
}
Event: 33.559 GC heap before
{Heap before GC invocations=41 (full 0):
 garbage-first heap   total 237568K, used 187783K [0x0000000080000000, 0x0000000100000000)
  region size 1024K, 66 young (67584K), 6 survivors (6144K)
 Metaspace       used 93196K, committed 94080K, reserved 557056K
  class space    used 12961K, committed 13376K, reserved 425984K
}
Event: 33.569 GC heap after
{Heap after GC invocations=42 (full 0):
 garbage-first heap   total 237568K, used 135578K [0x0000000080000000, 0x0000000100000000)
  region size 1024K, 9 young (9216K), 9 survivors (9216K)
 Metaspace       used 93196K, committed 94080K, reserved 557056K
  class space    used 12961K, committed 13376K, reserved 425984K
}
Event: 37.134 GC heap before
{Heap before GC invocations=42 (full 0):
 garbage-first heap   total 237568K, used 189850K [0x0000000080000000, 0x0000000100000000)
  region size 1024K, 63 young (64512K), 9 survivors (9216K)
 Metaspace       used 93635K, committed 94656K, reserved 557056K
  class space    used 13013K, committed 13504K, reserved 425984K
}
Event: 37.146 GC heap after
{Heap after GC invocations=43 (full 0):
 garbage-first heap   total 237568K, used 142785K [0x0000000080000000, 0x0000000100000000)
  region size 1024K, 8 young (8192K), 8 survivors (8192K)
 Metaspace       used 93635K, committed 94656K, reserved 557056K
  class space    used 13013K, committed 13504K, reserved 425984K
}
Event: 38.189 GC heap before
{Heap before GC invocations=43 (full 0):
 garbage-first heap   total 237568K, used 192961K [0x0000000080000000, 0x0000000100000000)
  region size 1024K, 57 young (58368K), 8 survivors (8192K)
 Metaspace       used 97786K, committed 98816K, reserved 557056K
  class space    used 13591K, committed 14080K, reserved 425984K
}
Event: 38.201 GC heap after
{Heap after GC invocations=44 (full 0):
 garbage-first heap   total 237568K, used 151035K [0x0000000080000000, 0x0000000100000000)
  region size 1024K, 8 young (8192K), 8 survivors (8192K)
 Metaspace       used 97786K, committed 98816K, reserved 557056K
  class space    used 13591K, committed 14080K, reserved 425984K
}
Event: 38.845 GC heap before
{Heap before GC invocations=44 (full 0):
 garbage-first heap   total 237568K, used 195067K [0x0000000080000000, 0x0000000100000000)
  region size 1024K, 51 young (52224K), 8 survivors (8192K)
 Metaspace       used 98408K, committed 99456K, reserved 557056K
  class space    used 13649K, committed 14144K, reserved 425984K
}
Event: 38.858 GC heap after
{Heap after GC invocations=45 (full 0):
 garbage-first heap   total 237568K, used 158045K [0x0000000080000000, 0x0000000100000000)
  region size 1024K, 7 young (7168K), 7 survivors (7168K)
 Metaspace       used 98408K, committed 99456K, reserved 557056K
  class space    used 13649K, committed 14144K, reserved 425984K
}
Event: 39.625 GC heap before
{Heap before GC invocations=45 (full 0):
 garbage-first heap   total 237568K, used 194909K [0x0000000080000000, 0x0000000100000000)
  region size 1024K, 44 young (45056K), 7 survivors (7168K)
 Metaspace       used 99150K, committed 100160K, reserved 557056K
  class space    used 13741K, committed 14208K, reserved 425984K
}
Event: 39.636 GC heap after
{Heap after GC invocations=46 (full 0):
 garbage-first heap   total 237568K, used 161692K [0x0000000080000000, 0x0000000100000000)
  region size 1024K, 3 young (3072K), 3 survivors (3072K)
 Metaspace       used 99150K, committed 100160K, reserved 557056K
  class space    used 13741K, committed 14208K, reserved 425984K
}
Event: 40.071 GC heap before
{Heap before GC invocations=46 (full 0):
 garbage-first heap   total 237568K, used 198556K [0x0000000080000000, 0x0000000100000000)
  region size 1024K, 40 young (40960K), 3 survivors (3072K)
 Metaspace       used 99292K, committed 100288K, reserved 557056K
  class space    used 13742K, committed 14208K, reserved 425984K
}
Event: 40.080 GC heap after
{Heap after GC invocations=47 (full 0):
 garbage-first heap   total 237568K, used 165220K [0x0000000080000000, 0x0000000100000000)
  region size 1024K, 5 young (5120K), 5 survivors (5120K)
 Metaspace       used 99292K, committed 100288K, reserved 557056K
  class space    used 13742K, committed 14208K, reserved 425984K
}

